# JRE version: OpenJDK Runtime Environment (16.0+36) (build 16+36-2231)
# Java VM: OpenJDK 64-Bit Server VM (16+36-2231, mixed mode, sharing, tiered, compressed oops, g1 gc, windows-amd64)
GC Precious Log:
 CPUs: 8 total, 8 available
 Memory: 32706M
 Large Page Support: Disabled
 NUMA Support: Disabled
 Compressed Oops: Enabled (Zero based)
 Heap Region Size: 4M
 Heap Min Capacity: 8M
 Heap Initial Capacity: 512M
 Heap Max Capacity: 8180M
 Pre-touch: Disabled
 Parallel Workers: 8
 Concurrent Workers: 2
 Concurrent Refinement Workers: 8
 Periodic GC: Disabled
Heap:
 garbage-first heap   total 524288K, used 86297K [0x0000000600c00000, 0x0000000800000000)
  region size 4096K, 10 young (40960K), 2 survivors (8192K)
 Metaspace       used 10578K, committed 10752K, reserved 1064960K
  class space    used 853K, committed 960K, reserved 1048576K
GC Heap History (10 events):
Event: 1.232 GC heap before
{Heap before GC invocations=0 (full 0):
 garbage-first heap   total 524288K, used 20480K [0x0000000600c00000, 0x0000000800000000)
  region size 4096K, 6 young (24576K), 0 survivors (0K)
 Metaspace       used 6996K, committed 7168K, reserved 1056768K
  class space    used 572K, committed 640K, reserved 1048576K
}
Event: 1.236 GC heap after
{Heap after GC invocations=1 (full 0):
 garbage-first heap   total 524288K, used 3680K [0x0000000600c00000, 0x0000000800000000)
  region size 4096K, 1 young (4096K), 1 survivors (4096K)
 Metaspace       used 6996K, committed 7168K, reserved 1056768K
  class space    used 572K, committed 640K, reserved 1048576K
}
Event: 19.313 GC heap before
{Heap before GC invocations=1 (full 0):
 garbage-first heap   total 524288K, used 24160K [0x0000000600c00000, 0x0000000800000000)
  region size 4096K, 7 young (28672K), 1 survivors (4096K)
 Metaspace       used 9219K, committed 9408K, reserved 1064960K
  class space    used 784K, committed 896K, reserved 1048576K
}
Event: 19.317 GC heap after
{Heap after GC invocations=2 (full 0):
 garbage-first heap   total 524288K, used 8186K [0x0000000600c00000, 0x0000000800000000)
  region size 4096K, 1 young (4096K), 1 survivors (4096K)
 Metaspace       used 9219K, committed 9408K, reserved 1064960K
  class space    used 784K, committed 896K, reserved 1048576K
}
Event: 42.019 GC heap before
{Heap before GC invocations=2 (full 0):
 garbage-first heap   total 524288K, used 61434K [0x0000000600c00000, 0x0000000800000000)
  region size 4096K, 15 young (61440K), 1 survivors (4096K)
 Metaspace       used 10288K, committed 10496K, reserved 1064960K
  class space    used 843K, committed 960K, reserved 1048576K
}
Event: 42.047 GC heap after
{Heap after GC invocations=3 (full 0):
 garbage-first heap   total 524288K, used 35027K [0x0000000600c00000, 0x0000000800000000)
  region size 4096K, 2 young (8192K), 2 survivors (8192K)
 Metaspace       used 10288K, committed 10496K, reserved 1064960K
  class space    used 843K, committed 960K, reserved 1048576K
}
Event: 45.714 GC heap before
{Heap before GC invocations=3 (full 0):
 garbage-first heap   total 524288K, used 51411K [0x0000000600c00000, 0x0000000800000000)
  region size 4096K, 6 young (24576K), 2 survivors (8192K)
 Metaspace       used 10361K, committed 10560K, reserved 1064960K
  class space    used 848K, committed 960K, reserved 1048576K
}
Event: 45.724 GC heap after
{Heap after GC invocations=4 (full 0):
 garbage-first heap   total 524288K, used 40960K [0x0000000600c00000, 0x0000000800000000)
  region size 4096K, 1 young (4096K), 1 survivors (4096K)
 Metaspace       used 10361K, committed 10560K, reserved 1064960K
  class space    used 848K, committed 960K, reserved 1048576K
}
Event: 56.728 GC heap before
{Heap before GC invocations=4 (full 0):
 garbage-first heap   total 524288K, used 73728K [0x0000000600c00000, 0x0000000800000000)
  region size 4096K, 10 young (40960K), 1 survivors (4096K)
 Metaspace       used 10485K, committed 10624K, reserved 1064960K
  class space    used 848K, committed 960K, reserved 1048576K
}
Event: 56.739 GC heap after
{Heap after GC invocations=5 (full 0):
 garbage-first heap   total 524288K, used 57625K [0x0000000600c00000, 0x0000000800000000)
  region size 4096K, 2 young (8192K), 2 survivors (8192K)
 Metaspace       used 10485K, committed 10624K, reserved 1064960K
  class space    used 848K, committed 960K, reserved 1048576K
}

